

Microchip MPLAB XC8 Assembler V2.40 build 20220703182018 
                                                                                               Fri Nov 11 11:56:29 2022

Microchip MPLAB XC8 C Compiler v2.40 (Free license) build 20220703182018 Og1 
     1                           	processor	10F200
     2                           	pagewidth 120
     3                           	opt	flic
     4                           	psect	cinit,global,class=ENTRY,merge=1,delta=2
     5                           	psect	cstackCOMMON,global,class=COMMON,space=1,delta=1,noexec
     6                           	psect	cstackBANK0,global,class=BANK0,space=1,delta=1,noexec
     7                           	psect	maintext,global,class=CODE,split=1,delta=2
     8                           	psect	text1,local,class=CODE,merge=1,delta=2
     9                           	psect	jmp_tab,global,class=ENTRY,delta=2
    10                           	psect	idloc,global,abs,ovrld,class=IDLOC,space=5,delta=2,noexec
    11                           	psect	config,global,abs,ovrld,class=CONFIG,space=4,delta=2,noexec
    12                           	dabs	1,0x1C,4
    13      000                     
    14                           ; Version 2.40
    15                           ; Generated 06/12/2021 GMT
    16                           ; 
    17                           ; Copyright © 2021, Microchip Technology Inc. and its subsidiaries ("Microchip")
    18                           ; All rights reserved.
    19                           ; 
    20                           ; This software is developed by Microchip Technology Inc. and its subsidiaries ("Microch
      +                          ip").
    21                           ; 
    22                           ; Redistribution and use in source and binary forms, with or without modification, are
    23                           ; permitted provided that the following conditions are met:
    24                           ; 
    25                           ;     1. Redistributions of source code must retain the above copyright notice, this lis
      +                          t of
    26                           ;        conditions and the following disclaimer.
    27                           ; 
    28                           ;     2. Redistributions in binary form must reproduce the above copyright notice, this 
      +                          list
    29                           ;        of conditions and the following disclaimer in the documentation and/or other
    30                           ;        materials provided with the distribution. Publication is not required when
    31                           ;        this file is used in an embedded application.
    32                           ; 
    33                           ;     3. Microchip's name may not be used to endorse or promote products derived from th
      +                          is
    34                           ;        software without specific prior written permission.
    35                           ; 
    36                           ; THIS SOFTWARE IS PROVIDED BY MICROCHIP "AS IS" AND ANY EXPRESS OR IMPLIED WARRANTIES,
    37                           ; INCLUDING, BUT NOT LIMITED TO, THE IMPLIED WARRANTIES OF MERCHANTABILITY AND FITNESS F
      +                          OR
    38                           ; PURPOSE ARE DISCLAIMED.  IN NO EVENT SHALL MICROCHIP BE LIABLE FOR ANY DIRECT, INDIREC
      +                          T,
    39                           ; INCIDENTAL, SPECIAL, EXEMPLARY, OR CONSEQUENTIAL DAMAGES (INCLUDING BUT NOT LIMITED TO
    40                           ; PROCUREMENT OF SUBSTITUTE GOODS OR SERVICES; LOSS OF USE, DATA OR PROFITS; OR BUSINESS
    41                           ; INTERRUPTION) HOWSOEVER CAUSED AND ON ANY THEORY OF LIABILITY, WHETHER IN CONTRACT, ST
      +                          RICT
    42                           ; LIABILITY, OR TORT (INCLUDING NEGLIGENCE OR OTHERWISE) ARISING IN ANY WAY OUT OF THE U
      +                          SE OF
    43                           ; THIS SOFTWARE, EVEN IF ADVISED OF THE POSSIBILITY OF SUCH DAMAGE.
    44                           ; 
    45                           ; 
    46                           ; Code-generator required, PIC10F200 Definitions
    47                           ; 
    48                           ; SFR Addresses
    49      000                     	;# 
    50      001                     	;# 
    51      002                     	;# 
    52      003                     	;# 
    53      004                     	;# 
    54      005                     	;# 
    55      006                     	;# 
    56      006                     _TRISGPIO	set	6
    57      006                     _GPIO	set	6
    58                           
    59                           	psect	cinit
    60      001                     start_initialization:	
    61                           ; #config settings
    62                           
    63      001                     __initialization:
    64      001                     end_of_initialization:	
    65                           ;End of C runtime variable initialization code
    66                           
    67      001                     __end_of__initialization:
    68      001  0064               	clrf	4
    69      002  0A03               	ljmp	_main	;jump to C main() function
    70                           
    71                           	psect	cstackCOMMON
    72      000                     __pcstackCOMMON:
    73      000                     ??_InitApp:
    74                           
    75                           	psect	cstackBANK0
    76      010                     __pcstackBANK0:	
    77                           ; 1 bytes @ 0x0
    78                           
    79      010                     ?_InitApp:
    80      010                     ?_main:	
    81                           ; 1 bytes @ 0x0
    82                           
    83      010                     ??_main:	
    84                           ; 1 bytes @ 0x0
    85                           
    86                           
    87                           ; 1 bytes @ 0x0
    88      010                     	ds	3
    89                           
    90                           	psect	maintext
    91      003                     __pmaintext:	
    92 ;;
    93 ;;Main: autosize = 0, tempsize = 3, incstack = 0, save=0
    94 ;;
    95 ;; *************** function _main *****************
    96 ;; Defined at:
    97 ;;		line 20 in file "newmain.c"
    98 ;; Parameters:    Size  Location     Type
    99 ;;		None
   100 ;; Auto vars:     Size  Location     Type
   101 ;;		None
   102 ;; Return value:  Size  Location     Type
   103 ;;                  1   12[None  ] void 
   104 ;; Registers used:
   105 ;;		wreg, fsr0l, fsr0h, status,2, status,0, pclath, cstack
   106 ;; Tracked objects:
   107 ;;		On entry : B00/0
   108 ;;		On exit  : 0/0
   109 ;;		Unchanged: 0/0
   110 ;; Data sizes:     COMMON   BANK0
   111 ;;      Params:         0       0
   112 ;;      Locals:         0       0
   113 ;;      Temps:          0       3
   114 ;;      Totals:         0       3
   115 ;;Total ram usage:        3 bytes
   116 ;; Hardware stack levels required when called: 1
   117 ;; This function calls:
   118 ;;		_InitApp
   119 ;; This function is called by:
   120 ;;		Startup code after reset
   121 ;; This function uses a non-reentrant model
   122 ;;
   123                           
   124      003                     _main:	
   125                           ;psect for function _main
   126                           
   127      003                     l547:	
   128                           ;incstack = 0
   129                           ; Regs used in _main: [wreg-fsr0h+status,2+status,0+pclath+cstack]
   130                           
   131                           
   132                           ;newmain.c: 21:     InitApp();
   133      003  09FE               	fcall	entry__InitApp
   134      004                     l549:
   135                           
   136                           ;newmain.c: 23:         GPIO = 0X02;
   137      004  0C02               	movlw	2
   138      005  0026               	movwf	6	;volatile
   139      006                     l551:
   140                           
   141                           ;newmain.c: 24:         _delay((unsigned long)((300)*(4000000/4000.0)));
   142      006  0C02               	movlw	2
   143      007  0032               	movwf	??_main+2
   144      008  0C86               	movlw	134
   145      009  0031               	movwf	??_main+1
   146      00A  0C99               	movlw	153
   147      00B  0030               	movwf	??_main
   148      00C                     u17:
   149      00C  02F0               	decfsz	??_main,f
   150      00D  0A0C               	goto	u17
   151      00E  02F1               	decfsz	??_main+1,f
   152      00F  0A0C               	goto	u17
   153      010  02F2               	decfsz	??_main+2,f
   154      011  0A0C               	goto	u17
   155      012                     l553:
   156                           
   157                           ;newmain.c: 25:         GPIO = 0X00;
   158      012  0066               	clrf	6	;volatile
   159      013                     l555:
   160                           
   161                           ;newmain.c: 26:         _delay((unsigned long)((300)*(4000000/4000.0)));
   162      013  0C02               	movlw	2
   163      014  0032               	movwf	??_main+2
   164      015  0C86               	movlw	134
   165      016  0031               	movwf	??_main+1
   166      017  0C99               	movlw	153
   167      018  0030               	movwf	??_main
   168      019                     u27:
   169      019  02F0               	decfsz	??_main,f
   170      01A  0A19               	goto	u27
   171      01B  02F1               	decfsz	??_main+1,f
   172      01C  0A19               	goto	u27
   173      01D  02F2               	decfsz	??_main+2,f
   174      01E  0A19               	goto	u27
   175      01F  0A04               	goto	l549
   176      020  0A00               	ljmp	start
   177      021                     __end_of_main:
   178                           
   179                           	psect	text1
   180      021                     __ptext1:	
   181 ;; *************** function _InitApp *****************
   182 ;; Defined at:
   183 ;;		line 30 in file "newmain.c"
   184 ;; Parameters:    Size  Location     Type
   185 ;;		None
   186 ;; Auto vars:     Size  Location     Type
   187 ;;		None
   188 ;; Return value:  Size  Location     Type
   189 ;;                  1    2[None  ] void 
   190 ;; Registers used:
   191 ;;		wreg, status,2
   192 ;; Tracked objects:
   193 ;;		On entry : 0/0
   194 ;;		On exit  : 0/0
   195 ;;		Unchanged: 0/0
   196 ;; Data sizes:     COMMON   BANK0
   197 ;;      Params:         0       0
   198 ;;      Locals:         0       0
   199 ;;      Temps:          0       0
   200 ;;      Totals:         0       0
   201 ;;Total ram usage:        0 bytes
   202 ;; Hardware stack levels used: 1
   203 ;; This function calls:
   204 ;;		Nothing
   205 ;; This function is called by:
   206 ;;		_main
   207 ;; This function uses a non-reentrant model
   208 ;;
   209                           
   210      021                     _InitApp:	
   211                           ;psect for function _InitApp
   212                           
   213      021                     l543:
   214                           
   215                           ;newmain.c: 31:     TRISGPIO = 0X00;
   216      021  0C00               	movlw	0
   217      022  0006               	tris	6
   218      023                     l545:
   219                           
   220                           ;newmain.c: 32:     GPIO = 0X00;
   221      023  0066               	clrf	6	;volatile
   222      024                     l19:
   223      024  0800               	retlw	0
   224      025                     __end_of_InitApp:
   225      01C                     btemp	set	28	;btemp
   226      01C                     wtemp0	set	28
   227      01E                     wtemp1	set	30
   228      01C                     ttemp0	set	28
   229      01C                     ltemp0	set	28
   230                           
   231                           	psect	jmp_tab
   232      0FE                     __pjmp_tab:	
   233                           ;incstack = 0
   234                           ; Regs used in _InitApp: [wreg+status,2]
   235                           
   236      0FE                     entry__InitApp:
   237      0FE  0A21               	ljmp	_InitApp
   238                           
   239                           	psect	idloc
   240                           
   241                           ;Config register IDLOC0 @ 0x100
   242                           ;	unspecified, using default values
   243      100                     	org	256
   244      100  0FFF               	dw	4095
   245                           
   246                           ;Config register IDLOC1 @ 0x101
   247                           ;	unspecified, using default values
   248      101                     	org	257
   249      101  0FFF               	dw	4095
   250                           
   251                           ;Config register IDLOC2 @ 0x102
   252                           ;	unspecified, using default values
   253      102                     	org	258
   254      102  0FFF               	dw	4095
   255                           
   256                           ;Config register IDLOC3 @ 0x103
   257                           ;	unspecified, using default values
   258      103                     	org	259
   259      103  0FFF               	dw	4095
   260                           
   261                           	psect	config
   262                           
   263                           ;Config register CONFIG @ 0xFFF
   264                           ;	Oscillator
   265                           ;	OSC = 0x1, unprogrammed default
   266                           ;	Watchdog Timer
   267                           ;	WDTE = OFF, WDT disabled
   268                           ;	Code Protect
   269                           ;	CP = OFF, Code protection off
   270                           ;	Master Clear Enable
   271                           ;	MCLRE = OFF, GP3/MCLR pin fuction is digital I/O, MCLR internally tied to VDD
   272      FFF                     	org	4095
   273      FFF  0FEB               	dw	4075

Data Sizes:
    Strings     0
    Constant    0
    Data        0
    BSS         0
    Persistent  0
    Stack       0

Auto Spaces:
    Space          Size  Autos    Used
    COMMON            0      0       0
    BANK0            14      3       3

Pointer List with Targets:

    None.

Critical Paths under _main in COMMON

    None.

Critical Paths under _main in BANK0

    None.

Call Graph Tables:

 ---------------------------------------------------------------------------------
 (Depth) Function   	        Calls       Base Space   Used Autos Params    Refs
 ---------------------------------------------------------------------------------
 (0) _main                                                 3     3      0       0
                                              0 BANK0      3     3      0
                            _InitApp
 ---------------------------------------------------------------------------------
 (1) _InitApp                                              0     0      0       0
 ---------------------------------------------------------------------------------
 Estimated maximum stack depth 1
 ---------------------------------------------------------------------------------

 Call Graph Graphs:

 _main (ROOT)
   _InitApp

 Address spaces:
Name               Size   Autos  Total    Cost      Usage
BITCOMMON            0      0       0       0        0.0%
NULL                 0      0       0       0        0.0%
CODE                 0      0       0       0        0.0%
BITSFR0              0      0       0       1        0.0%
SFR0                 0      0       0       1        0.0%
COMMON               0      0       0       1        0.0%
STACK                0      0       0       2        0.0%
BANK0                E      3       3       3       21.4%
ABS                  0      0       0       4        0.0%
DATA                 0      0       0       5        0.0%
BITBANK0             E      0       0       6        0.0%


Microchip Technology PIC Macro Assembler V2.40 build 20220703182018 
Symbol Table                                                                                   Fri Nov 11 11:56:29 2022

                     l19 0024                       u17 000C                       u27 0019  
                     fsr 0004                      l543 0021                      l551 0006  
                    l545 0023                      l553 0012                      l555 0013  
                    l547 0003                      l549 0004                     _GPIO 0006  
                   _main 0003                     btemp 001C                     start 0000  
        __end_of_InitApp 0025                    ?_main 0010                    ltemp0 001C  
                  ttemp0 001C                    wtemp0 001C                    wtemp1 001E  
        __initialization 0001             __end_of_main 0021                   ??_main 0010  
              ??_InitApp 0000  __end_of__initialization 0001           __pcstackCOMMON 0000  
             __pmaintext 0003                  _InitApp 0021                  __ptext1 0021  
   end_of_initialization 0001      start_initialization 0001                ___latbits 0000  
          __pcstackBANK0 0010                 ?_InitApp 0010                __pjmp_tab 00FE  
               _TRISGPIO 0006            entry__InitApp 00FE  
