

Microchip MPLAB XC8 Assembler V2.40 build 20220703182018 
                                                                                               Sat Nov 12 00:04:55 2022

Microchip MPLAB XC8 C Compiler v2.40 (Free license) build 20220703182018 Og1 
     1                           	processor	12F675
     2                           	pagewidth 120
     3                           	opt	flic
     4                           	psect	cinit,global,class=CODE,merge=1,delta=2
     5                           	psect	cstackCOMMON,global,class=COMMON,space=1,delta=1,noexec
     6                           	psect	cstackBANK0,global,class=BANK0,space=1,delta=1,noexec
     7                           	psect	maintext,global,class=CODE,split=1,delta=2
     8                           	psect	text1,local,class=CODE,merge=1,delta=2
     9                           	psect	idloc,global,abs,ovrld,class=IDLOC,space=5,delta=2,noexec
    10                           	psect	config,global,abs,ovrld,class=CONFIG,space=4,delta=2,noexec
    11                           	dabs	1,0x5E,2
    12     0000                     
    13                           ; Version 2.40
    14                           ; Generated 06/12/2021 GMT
    15                           ; 
    16                           ; Copyright © 2021, Microchip Technology Inc. and its subsidiaries ("Microchip")
    17                           ; All rights reserved.
    18                           ; 
    19                           ; This software is developed by Microchip Technology Inc. and its subsidiaries ("Microch
      +                          ip").
    20                           ; 
    21                           ; Redistribution and use in source and binary forms, with or without modification, are
    22                           ; permitted provided that the following conditions are met:
    23                           ; 
    24                           ;     1. Redistributions of source code must retain the above copyright notice, this lis
      +                          t of
    25                           ;        conditions and the following disclaimer.
    26                           ; 
    27                           ;     2. Redistributions in binary form must reproduce the above copyright notice, this 
      +                          list
    28                           ;        of conditions and the following disclaimer in the documentation and/or other
    29                           ;        materials provided with the distribution. Publication is not required when
    30                           ;        this file is used in an embedded application.
    31                           ; 
    32                           ;     3. Microchip's name may not be used to endorse or promote products derived from th
      +                          is
    33                           ;        software without specific prior written permission.
    34                           ; 
    35                           ; THIS SOFTWARE IS PROVIDED BY MICROCHIP "AS IS" AND ANY EXPRESS OR IMPLIED WARRANTIES,
    36                           ; INCLUDING, BUT NOT LIMITED TO, THE IMPLIED WARRANTIES OF MERCHANTABILITY AND FITNESS F
      +                          OR
    37                           ; PURPOSE ARE DISCLAIMED.  IN NO EVENT SHALL MICROCHIP BE LIABLE FOR ANY DIRECT, INDIREC
      +                          T,
    38                           ; INCIDENTAL, SPECIAL, EXEMPLARY, OR CONSEQUENTIAL DAMAGES (INCLUDING BUT NOT LIMITED TO
    39                           ; PROCUREMENT OF SUBSTITUTE GOODS OR SERVICES; LOSS OF USE, DATA OR PROFITS; OR BUSINESS
    40                           ; INTERRUPTION) HOWSOEVER CAUSED AND ON ANY THEORY OF LIABILITY, WHETHER IN CONTRACT, ST
      +                          RICT
    41                           ; LIABILITY, OR TORT (INCLUDING NEGLIGENCE OR OTHERWISE) ARISING IN ANY WAY OUT OF THE U
      +                          SE OF
    42                           ; THIS SOFTWARE, EVEN IF ADVISED OF THE POSSIBILITY OF SUCH DAMAGE.
    43                           ; 
    44                           ; 
    45                           ; Code-generator required, PIC12F675 Definitions
    46                           ; 
    47                           ; SFR Addresses
    48     0000                     	;# 
    49     0001                     	;# 
    50     0002                     	;# 
    51     0003                     	;# 
    52     0004                     	;# 
    53     0005                     	;# 
    54     000A                     	;# 
    55     000B                     	;# 
    56     000C                     	;# 
    57     000E                     	;# 
    58     000E                     	;# 
    59     000F                     	;# 
    60     0010                     	;# 
    61     0019                     	;# 
    62     001E                     	;# 
    63     001F                     	;# 
    64     0081                     	;# 
    65     0085                     	;# 
    66     008C                     	;# 
    67     008E                     	;# 
    68     0090                     	;# 
    69     0095                     	;# 
    70     0096                     	;# 
    71     0096                     	;# 
    72     0099                     	;# 
    73     009A                     	;# 
    74     009A                     	;# 
    75     009B                     	;# 
    76     009C                     	;# 
    77     009D                     	;# 
    78     009E                     	;# 
    79     009F                     	;# 
    80     0000                     	;# 
    81     0001                     	;# 
    82     0002                     	;# 
    83     0003                     	;# 
    84     0004                     	;# 
    85     0005                     	;# 
    86     000A                     	;# 
    87     000B                     	;# 
    88     000C                     	;# 
    89     000E                     	;# 
    90     000E                     	;# 
    91     000F                     	;# 
    92     0010                     	;# 
    93     0019                     	;# 
    94     001E                     	;# 
    95     001F                     	;# 
    96     0081                     	;# 
    97     0085                     	;# 
    98     008C                     	;# 
    99     008E                     	;# 
   100     0090                     	;# 
   101     0095                     	;# 
   102     0096                     	;# 
   103     0096                     	;# 
   104     0099                     	;# 
   105     009A                     	;# 
   106     009A                     	;# 
   107     009B                     	;# 
   108     009C                     	;# 
   109     009D                     	;# 
   110     009E                     	;# 
   111     009F                     	;# 
   112     0005                     _GPIO	set	5
   113     0085                     _TRISIO	set	133
   114                           
   115                           	psect	cinit
   116     03FD                     start_initialization:	
   117                           ; #config settings
   118                           
   119     03FD                     __initialization:
   120     03FD                     end_of_initialization:	
   121                           ;End of C runtime variable initialization code
   122                           
   123     03FD                     __end_of__initialization:
   124     03FD  0183               	clrf	3
   125     03FE  2BDB               	ljmp	_main	;jump to C main() function
   126                           
   127                           	psect	cstackCOMMON
   128     0000                     __pcstackCOMMON:
   129     0000                     ??_InitApp:
   130                           
   131                           	psect	cstackBANK0
   132     0020                     __pcstackBANK0:	
   133                           ; 1 bytes @ 0x0
   134                           
   135     0020                     ?_InitApp:
   136     0020                     ?_main:	
   137                           ; 1 bytes @ 0x0
   138                           
   139     0020                     ??_main:	
   140                           ; 1 bytes @ 0x0
   141                           
   142                           
   143                           ; 1 bytes @ 0x0
   144     0020                     	ds	3
   145                           
   146                           	psect	maintext
   147     03DB                     __pmaintext:	
   148 ;;
   149 ;;Main: autosize = 0, tempsize = 3, incstack = 0, save=0
   150 ;;
   151 ;; *************** function _main *****************
   152 ;; Defined at:
   153 ;;		line 24 in file "newmain.c"
   154 ;; Parameters:    Size  Location     Type
   155 ;;		None
   156 ;; Auto vars:     Size  Location     Type
   157 ;;		None
   158 ;; Return value:  Size  Location     Type
   159 ;;                  1    wreg      void 
   160 ;; Registers used:
   161 ;;		wreg, status,2, status,0, pclath, cstack
   162 ;; Tracked objects:
   163 ;;		On entry : B00/0
   164 ;;		On exit  : 0/0
   165 ;;		Unchanged: 0/0
   166 ;; Data sizes:     COMMON   BANK0
   167 ;;      Params:         0       0
   168 ;;      Locals:         0       0
   169 ;;      Temps:          0       3
   170 ;;      Totals:         0       3
   171 ;;Total ram usage:        3 bytes
   172 ;; Hardware stack levels required when called: 1
   173 ;; This function calls:
   174 ;;		_InitApp
   175 ;; This function is called by:
   176 ;;		Startup code after reset
   177 ;; This function uses a non-reentrant model
   178 ;;
   179                           
   180     03DB                     _main:	
   181                           ;psect for function _main
   182                           
   183     03DB                     l625:	
   184                           ;incstack = 0
   185                           ; Regs used in _main: [wreg+status,2+status,0+pclath+cstack]
   186                           
   187                           
   188                           ;newmain.c: 25:     InitApp();
   189     03DB  23D6               	fcall	_InitApp
   190     03DC                     l627:
   191                           
   192                           ;newmain.c: 27:         GPIO = 0X02;
   193     03DC  3002               	movlw	2
   194     03DD  1283               	bcf	3,5	;RP0=0, select bank0
   195     03DE  0085               	movwf	5	;volatile
   196     03DF                     l629:
   197                           
   198                           ;newmain.c: 28:         _delay((unsigned long)((1000)*(4000000/4000.0)));
   199     03DF  3006               	movlw	6
   200     03E0  00A2               	movwf	??_main+2
   201     03E1  3013               	movlw	19
   202     03E2  00A1               	movwf	??_main+1
   203     03E3  30AD               	movlw	173
   204     03E4  00A0               	movwf	??_main
   205     03E5                     u17:
   206     03E5  0BA0               	decfsz	??_main,f
   207     03E6  2BE5               	goto	u17
   208     03E7  0BA1               	decfsz	??_main+1,f
   209     03E8  2BE5               	goto	u17
   210     03E9  0BA2               	decfsz	??_main+2,f
   211     03EA  2BE5               	goto	u17
   212     03EB  2BEC               	nop2
   213     03EC                     l631:
   214                           
   215                           ;newmain.c: 29:         GPIO = 0X00;
   216     03EC  1283               	bcf	3,5	;RP0=0, select bank0
   217     03ED  0185               	clrf	5	;volatile
   218     03EE                     l633:
   219                           
   220                           ;newmain.c: 30:         _delay((unsigned long)((1000)*(4000000/4000.0)));
   221     03EE  3006               	movlw	6
   222     03EF  00A2               	movwf	??_main+2
   223     03F0  3013               	movlw	19
   224     03F1  00A1               	movwf	??_main+1
   225     03F2  30AD               	movlw	173
   226     03F3  00A0               	movwf	??_main
   227     03F4                     u27:
   228     03F4  0BA0               	decfsz	??_main,f
   229     03F5  2BF4               	goto	u27
   230     03F6  0BA1               	decfsz	??_main+1,f
   231     03F7  2BF4               	goto	u27
   232     03F8  0BA2               	decfsz	??_main+2,f
   233     03F9  2BF4               	goto	u27
   234     03FA  2BFB               	nop2
   235     03FB  2BDC               	goto	l627
   236     03FC  2800               	ljmp	start
   237     03FD                     __end_of_main:
   238                           
   239                           	psect	text1
   240     03D6                     __ptext1:	
   241 ;; *************** function _InitApp *****************
   242 ;; Defined at:
   243 ;;		line 34 in file "newmain.c"
   244 ;; Parameters:    Size  Location     Type
   245 ;;		None
   246 ;; Auto vars:     Size  Location     Type
   247 ;;		None
   248 ;; Return value:  Size  Location     Type
   249 ;;                  1    wreg      void 
   250 ;; Registers used:
   251 ;;		status,2
   252 ;; Tracked objects:
   253 ;;		On entry : 0/0
   254 ;;		On exit  : 0/0
   255 ;;		Unchanged: 0/0
   256 ;; Data sizes:     COMMON   BANK0
   257 ;;      Params:         0       0
   258 ;;      Locals:         0       0
   259 ;;      Temps:          0       0
   260 ;;      Totals:         0       0
   261 ;;Total ram usage:        0 bytes
   262 ;; Hardware stack levels used: 1
   263 ;; This function calls:
   264 ;;		Nothing
   265 ;; This function is called by:
   266 ;;		_main
   267 ;; This function uses a non-reentrant model
   268 ;;
   269                           
   270     03D6                     _InitApp:	
   271                           ;psect for function _InitApp
   272                           
   273     03D6                     l623:	
   274                           ;incstack = 0
   275                           ; Regs used in _InitApp: [status,2]
   276                           
   277                           
   278                           ;newmain.c: 35:     TRISIO = 0X00;
   279     03D6  1683               	bsf	3,5	;RP0=1, select bank1
   280     03D7  0185               	clrf	5	;volatile
   281                           
   282                           ;newmain.c: 36:     GPIO = 0X00;
   283     03D8  1283               	bcf	3,5	;RP0=0, select bank0
   284     03D9  0185               	clrf	5	;volatile
   285     03DA                     l19:
   286     03DA  0008               	return
   287     03DB                     __end_of_InitApp:
   288     005E                     btemp	set	94	;btemp
   289     005E                     wtemp0	set	94
   290                           
   291                           	psect	idloc
   292                           
   293                           ;Config register IDLOC0 @ 0x2000
   294                           ;	unspecified, using default values
   295     2000                     	org	8192
   296     2000  3FFF               	dw	16383
   297                           
   298                           ;Config register IDLOC1 @ 0x2001
   299                           ;	unspecified, using default values
   300     2001                     	org	8193
   301     2001  3FFF               	dw	16383
   302                           
   303                           ;Config register IDLOC2 @ 0x2002
   304                           ;	unspecified, using default values
   305     2002                     	org	8194
   306     2002  3FFF               	dw	16383
   307                           
   308                           ;Config register IDLOC3 @ 0x2003
   309                           ;	unspecified, using default values
   310     2003                     	org	8195
   311     2003  3FFF               	dw	16383
   312                           
   313                           	psect	config
   314                           
   315                           ;Config register CONFIG @ 0x2007
   316                           ;	Oscillator Selection bits
   317                           ;	FOSC = INTRCIO, INTOSC oscillator: I/O function on GP4/OSC2/CLKOUT pin, I/O function o
      +                          n GP5/OSC1/CLKIN
   318                           ;	Watchdog Timer Enable bit
   319                           ;	WDTE = OFF, WDT disabled
   320                           ;	Power-Up Timer Enable bit
   321                           ;	PWRTE = ON, PWRT enabled
   322                           ;	GP3/MCLR pin function select
   323                           ;	MCLRE = OFF, GP3/MCLR pin function is digital I/O, MCLR internally tied to VDD
   324                           ;	Brown-out Detect Enable bit
   325                           ;	BOREN = ON, BOD enabled
   326                           ;	Code Protection bit
   327                           ;	CP = OFF, Program Memory code protection is disabled
   328                           ;	Data Code Protection bit
   329                           ;	CPD = OFF, Data memory code protection is disabled
   330     2007                     	org	8199
   331     2007  31C4               	dw	12740

Data Sizes:
    Strings     0
    Constant    0
    Data        0
    BSS         0
    Persistent  0
    Stack       0

Auto Spaces:
    Space          Size  Autos    Used
    COMMON            0      0       0
    BANK0            62      3       3

Pointer List with Targets:

    None.

Critical Paths under _main in COMMON

    None.

Critical Paths under _main in BANK0

    None.

Call Graph Tables:

 ---------------------------------------------------------------------------------
 (Depth) Function   	        Calls       Base Space   Used Autos Params    Refs
 ---------------------------------------------------------------------------------
 (0) _main                                                 3     3      0       0
                                              0 BANK0      3     3      0
                            _InitApp
 ---------------------------------------------------------------------------------
 (1) _InitApp                                              0     0      0       0
 ---------------------------------------------------------------------------------
 Estimated maximum stack depth 1
 ---------------------------------------------------------------------------------

 Call Graph Graphs:

 _main (ROOT)
   _InitApp

 Address spaces:
Name               Size   Autos  Total    Cost      Usage
BITCOMMON            0      0       0       0        0.0%
EEDATA              80      0       0       0        0.0%
NULL                 0      0       0       0        0.0%
CODE                 0      0       0       0        0.0%
BITSFR0              0      0       0       1        0.0%
SFR0                 0      0       0       1        0.0%
COMMON               0      0       0       1        0.0%
BITSFR1              0      0       0       2        0.0%
SFR1                 0      0       0       2        0.0%
STACK                0      0       0       2        0.0%
BITBANK0            3E      0       0       3        0.0%
BANK0               3E      3       3       4        4.8%
ABS                  0      0       0       5        0.0%
DATA                 0      0       0       6        0.0%


Microchip Technology PIC Macro Assembler V2.40 build 20220703182018 
Symbol Table                                                                                   Sat Nov 12 00:04:55 2022

                     l19 03DA                       u17 03E5                       u27 03F4  
                    l623 03D6                      l631 03EC                      l633 03EE  
                    l625 03DB                      l627 03DC                      l629 03DF  
                   _GPIO 0005                     _main 03DB                     btemp 005E  
                   start 0000          __end_of_InitApp 03DB                    ?_main 0020  
                  status 0003                    wtemp0 005E          __initialization 03FD  
           __end_of_main 03FD                   ??_main 0020                   _TRISIO 0085  
              ??_InitApp 0000  __end_of__initialization 03FD           __pcstackCOMMON 0000  
             __pmaintext 03DB                  _InitApp 03D6                  __ptext1 03D6  
   end_of_initialization 03FD      start_initialization 03FD                ___latbits 0000  
          __pcstackBANK0 0020                 ?_InitApp 0020  
